<?xml version="1.0" encoding="UTF-8"?>
<!-- Generated by org.testng.reporters.JUnitReportReporter -->
<testsuite hostname="LAPTOP-2MUJQHVS" name="com.test.Cunkuan_test" tests="1" failures="0" timestamp="12 Dec 2019 07:58:04 GMT" time="10.181" errors="0">
  <testcase name="cunkuanTest" time="10.181" classname="com.test.Cunkuan_test"/>
</testsuite> <!-- com.test.Cunkuan_test -->
