<?xml version="1.0" encoding="UTF-8"?>
<!-- Generated by org.testng.reporters.JUnitReportReporter -->
<testsuite hostname="LAPTOP-2MUJQHVS" name="com.page.Qukuan" tests="1" failures="0" timestamp="11 Dec 2019 00:51:58 GMT" time="13.516" errors="0">
  <testcase name="qukuan" time="13.516" classname="com.page.Qukuan"/>
</testsuite> <!-- com.page.Qukuan -->
