<?xml version="1.0" encoding="UTF-8"?>
<!-- Generated by org.testng.reporters.JUnitReportReporter -->
<testsuite hostname="LAPTOP-2MUJQHVS" name="com.login_page.Login_page" tests="3" failures="0" timestamp="8 Dec 2019 02:51:10 GMT" time="4.961" errors="0">
  <testcase name="account" time="0.623" classname="com.login_page.Login_page"/>
  <testcase name="click_confirm" time="3.841" classname="com.login_page.Login_page"/>
  <testcase name="password" time="0.497" classname="com.login_page.Login_page"/>
</testsuite> <!-- com.login_page.Login_page -->
