<?xml version="1.0" encoding="UTF-8"?>
<!-- Generated by org.testng.reporters.JUnitReportReporter -->
<testsuite hostname="LAPTOP-2MUJQHVS" name="com.test.Login_test" tests="1" failures="0" timestamp="12 Dec 2019 08:04:26 GMT" time="3.599" errors="0">
  <testcase name="login_test" time="3.599" classname="com.test.Login_test"/>
</testsuite> <!-- com.test.Login_test -->
