<?xml version="1.0" encoding="UTF-8"?>
<!-- Generated by org.testng.reporters.JUnitReportReporter -->
<testsuite hostname="LAPTOP-2MUJQHVS" name="com.business.Cunkuan_business" tests="1" failures="0" timestamp="10 Dec 2019 07:58:13 GMT" time="7.814" errors="0">
  <testcase name="cunkuan" time="7.814" classname="com.business.Cunkuan_business"/>
</testsuite> <!-- com.business.Cunkuan_business -->
