<?xml version="1.0" encoding="UTF-8"?>
<!-- Generated by org.testng.reporters.JUnitReportReporter -->
<testsuite hostname="LAPTOP-2MUJQHVS" name="com.page.Woyaocunkun" tests="1" failures="0" timestamp="10 Dec 2019 07:48:15 GMT" time="7.562" errors="0">
  <testcase name="cunkuan" time="7.562" classname="com.page.Woyaocunkun"/>
</testsuite> <!-- com.page.Woyaocunkun -->
