<?xml version="1.0" encoding="UTF-8"?>
<!-- Generated by org.testng.reporters.JUnitReportReporter -->
<testsuite hostname="LAPTOP-2MUJQHVS" name="com.business.Personal_business" tests="1" failures="0" timestamp="11 Dec 2019 02:40:51 GMT" time="7.223" errors="0">
  <testcase name="personal_business" time="7.223" classname="com.business.Personal_business"/>
</testsuite> <!-- com.business.Personal_business -->
