<?xml version="1.0" encoding="UTF-8"?>
<!-- Generated by org.testng.reporters.JUnitReportReporter -->
<testsuite hostname="LAPTOP-2MUJQHVS" name="com.login_business.Login_business" tests="1" failures="0" timestamp="8 Dec 2019 02:58:32 GMT" time="3.828" errors="0">
  <testcase name="login_business1" time="3.828" classname="com.login_business.Login_business"/>
</testsuite> <!-- com.login_business.Login_business -->
