<?xml version="1.0" encoding="UTF-8"?>
<!-- Generated by org.testng.reporters.JUnitReportReporter -->
<testsuite hostname="LAPTOP-2MUJQHVS" name="com.test.Personal_test" tests="1" failures="0" timestamp="12 Dec 2019 07:58:04 GMT" time="7.768" errors="0">
  <testcase name="personal_test" time="7.768" classname="com.test.Personal_test"/>
</testsuite> <!-- com.test.Personal_test -->
