<?xml version="1.0" encoding="UTF-8"?>
<!-- Generated by org.testng.reporters.JUnitReportReporter -->
<testsuite hostname="LAPTOP-2MUJQHVS" name="com.page.Qukuan_page" tests="1" failures="0" timestamp="11 Dec 2019 01:24:25 GMT" time="13.561" errors="0">
  <testcase name="qukuan" time="13.561" classname="com.page.Qukuan_page"/>
</testsuite> <!-- com.page.Qukuan_page -->
