<?xml version="1.0" encoding="UTF-8"?>
<!-- Generated by org.testng.reporters.JUnitReportReporter -->
<testsuite hostname="LAPTOP-2MUJQHVS" name="com.login_util.Login_util" tests="1" failures="0" timestamp="8 Dec 2019 02:29:37 GMT" time="5.558" errors="0">
  <testcase name="setup" time="5.558" classname="com.login_util.Login_util"/>
</testsuite> <!-- com.login_util.Login_util -->
