<?xml version="1.0" encoding="UTF-8"?>
<!-- Generated by org.testng.reporters.JUnitReportReporter -->
<testsuite hostname="LAPTOP-2MUJQHVS" name="com.page.Personal_page" tests="1" failures="0" timestamp="11 Dec 2019 02:27:19 GMT" time="7.634" errors="0">
  <testcase name="personal_page" time="7.634" classname="com.page.Personal_page"/>
</testsuite> <!-- com.page.Personal_page -->
