<?xml version="1.0" encoding="UTF-8"?>
<!-- Generated by org.testng.reporters.JUnitReportReporter -->
<testsuite hostname="LAPTOP-2MUJQHVS" name="com.test.Qukuan_test" tests="1" failures="0" timestamp="12 Dec 2019 07:58:04 GMT" time="13.283" errors="0">
  <testcase name="qukuan_test" time="13.283" classname="com.test.Qukuan_test"/>
</testsuite> <!-- com.test.Qukuan_test -->
