<?xml version="1.0" encoding="UTF-8"?>
<!-- Generated by org.testng.reporters.JUnitReportReporter -->
<testsuite hostname="LAPTOP-2MUJQHVS" name="com.business.Qukuan_business" tests="1" failures="0" timestamp="11 Dec 2019 01:07:01 GMT" time="13.513" errors="0">
  <testcase name="qubkuan_business" time="13.513" classname="com.business.Qukuan_business"/>
</testsuite> <!-- com.business.Qukuan_business -->
